{"/home/printhelloworld/Projects/social_network/build_workers/src/handlers/crypto_logic.js": {"path":"/home/printhelloworld/Projects/social_network/build_workers/src/handlers/crypto_logic.js","all":false,"statementMap":{"0":{"start":{"line":1,"column":0},"end":{"line":1,"column":56}},"1":{"start":{"line":2,"column":0},"end":{"line":2,"column":31}},"2":{"start":{"line":3,"column":0},"end":{"line":3,"column":29}},"3":{"start":{"line":4,"column":0},"end":{"line":4,"column":41}},"4":{"start":{"line":5,"column":0},"end":{"line":5,"column":45}},"5":{"start":{"line":6,"column":0},"end":{"line":6,"column":47}},"6":{"start":{"line":7,"column":0},"end":{"line":7,"column":45}},"7":{"start":{"line":8,"column":0},"end":{"line":8,"column":32}},"8":{"start":{"line":9,"column":0},"end":{"line":9,"column":27}},"10":{"start":{"line":11,"column":0},"end":{"line":11,"column":37}},"12":{"start":{"line":13,"column":0},"end":{"line":13,"column":42}},"13":{"start":{"line":14,"column":0},"end":{"line":14,"column":31}},"15":{"start":{"line":16,"column":0},"end":{"line":16,"column":35}},"16":{"start":{"line":17,"column":0},"end":{"line":17,"column":29}},"17":{"start":{"line":18,"column":0},"end":{"line":18,"column":27}},"18":{"start":{"line":19,"column":0},"end":{"line":19,"column":28}},"19":{"start":{"line":20,"column":0},"end":{"line":20,"column":64}},"20":{"start":{"line":21,"column":0},"end":{"line":21,"column":50}},"21":{"start":{"line":22,"column":0},"end":{"line":22,"column":56}},"22":{"start":{"line":23,"column":0},"end":{"line":23,"column":12}},"23":{"start":{"line":24,"column":0},"end":{"line":24,"column":60}},"24":{"start":{"line":25,"column":0},"end":{"line":25,"column":5}},"26":{"start":{"line":27,"column":0},"end":{"line":27,"column":23}},"27":{"start":{"line":28,"column":0},"end":{"line":28,"column":63}},"28":{"start":{"line":29,"column":0},"end":{"line":29,"column":71}},"30":{"start":{"line":31,"column":0},"end":{"line":31,"column":27}},"31":{"start":{"line":32,"column":0},"end":{"line":32,"column":77}},"32":{"start":{"line":33,"column":0},"end":{"line":33,"column":48}},"34":{"start":{"line":35,"column":0},"end":{"line":35,"column":68}},"35":{"start":{"line":36,"column":0},"end":{"line":36,"column":63}},"37":{"start":{"line":38,"column":0},"end":{"line":38,"column":16}},"38":{"start":{"line":39,"column":0},"end":{"line":39,"column":27}},"39":{"start":{"line":40,"column":0},"end":{"line":40,"column":37}},"40":{"start":{"line":41,"column":0},"end":{"line":41,"column":5}},"42":{"start":{"line":43,"column":0},"end":{"line":43,"column":12}},"43":{"start":{"line":44,"column":0},"end":{"line":44,"column":26}},"44":{"start":{"line":45,"column":0},"end":{"line":45,"column":34}},"45":{"start":{"line":46,"column":0},"end":{"line":46,"column":17}},"46":{"start":{"line":47,"column":0},"end":{"line":47,"column":47}},"47":{"start":{"line":48,"column":0},"end":{"line":48,"column":45}},"48":{"start":{"line":49,"column":0},"end":{"line":49,"column":45}},"49":{"start":{"line":50,"column":0},"end":{"line":50,"column":43}},"50":{"start":{"line":51,"column":0},"end":{"line":51,"column":49}},"51":{"start":{"line":52,"column":0},"end":{"line":52,"column":28}},"52":{"start":{"line":53,"column":0},"end":{"line":53,"column":9}},"53":{"start":{"line":54,"column":0},"end":{"line":54,"column":5}},"54":{"start":{"line":55,"column":0},"end":{"line":55,"column":1}},"56":{"start":{"line":57,"column":0},"end":{"line":57,"column":31}},"57":{"start":{"line":58,"column":0},"end":{"line":58,"column":23}},"58":{"start":{"line":59,"column":0},"end":{"line":59,"column":54}},"59":{"start":{"line":60,"column":0},"end":{"line":60,"column":75}},"60":{"start":{"line":61,"column":0},"end":{"line":61,"column":51}},"61":{"start":{"line":62,"column":0},"end":{"line":62,"column":5}},"63":{"start":{"line":64,"column":0},"end":{"line":64,"column":14}},"64":{"start":{"line":65,"column":0},"end":{"line":65,"column":66}},"66":{"start":{"line":67,"column":0},"end":{"line":67,"column":17}},"67":{"start":{"line":68,"column":0},"end":{"line":68,"column":54}},"69":{"start":{"line":70,"column":0},"end":{"line":70,"column":12}},"70":{"start":{"line":71,"column":0},"end":{"line":71,"column":26}},"71":{"start":{"line":72,"column":0},"end":{"line":72,"column":29}},"72":{"start":{"line":73,"column":0},"end":{"line":73,"column":17}},"73":{"start":{"line":74,"column":0},"end":{"line":74,"column":33}},"74":{"start":{"line":75,"column":0},"end":{"line":75,"column":10}},"75":{"start":{"line":76,"column":0},"end":{"line":76,"column":5}},"76":{"start":{"line":77,"column":0},"end":{"line":77,"column":1}},"78":{"start":{"line":79,"column":0},"end":{"line":79,"column":31}},"79":{"start":{"line":80,"column":0},"end":{"line":80,"column":23}},"80":{"start":{"line":81,"column":0},"end":{"line":81,"column":54}},"81":{"start":{"line":82,"column":0},"end":{"line":82,"column":75}},"82":{"start":{"line":83,"column":0},"end":{"line":83,"column":51}},"83":{"start":{"line":84,"column":0},"end":{"line":84,"column":5}},"85":{"start":{"line":86,"column":0},"end":{"line":86,"column":19}},"86":{"start":{"line":87,"column":0},"end":{"line":87,"column":55}},"88":{"start":{"line":89,"column":0},"end":{"line":89,"column":18}},"89":{"start":{"line":90,"column":0},"end":{"line":90,"column":26}},"90":{"start":{"line":91,"column":0},"end":{"line":91,"column":36}},"91":{"start":{"line":92,"column":0},"end":{"line":92,"column":90}},"92":{"start":{"line":93,"column":0},"end":{"line":93,"column":5}},"94":{"start":{"line":95,"column":0},"end":{"line":95,"column":12}},"95":{"start":{"line":96,"column":0},"end":{"line":96,"column":26}},"96":{"start":{"line":97,"column":0},"end":{"line":97,"column":29}},"97":{"start":{"line":98,"column":0},"end":{"line":98,"column":17}},"98":{"start":{"line":99,"column":0},"end":{"line":99,"column":41}},"99":{"start":{"line":100,"column":0},"end":{"line":100,"column":35}},"100":{"start":{"line":101,"column":0},"end":{"line":101,"column":10}},"101":{"start":{"line":102,"column":0},"end":{"line":102,"column":5}},"102":{"start":{"line":103,"column":0},"end":{"line":103,"column":1}},"104":{"start":{"line":105,"column":0},"end":{"line":105,"column":41}},"105":{"start":{"line":106,"column":0},"end":{"line":106,"column":33}},"107":{"start":{"line":108,"column":0},"end":{"line":108,"column":74}},"109":{"start":{"line":110,"column":0},"end":{"line":110,"column":66}},"111":{"start":{"line":112,"column":0},"end":{"line":112,"column":12}},"112":{"start":{"line":113,"column":0},"end":{"line":113,"column":26}},"113":{"start":{"line":114,"column":0},"end":{"line":114,"column":40}},"114":{"start":{"line":115,"column":0},"end":{"line":115,"column":17}},"115":{"start":{"line":116,"column":0},"end":{"line":116,"column":33}},"116":{"start":{"line":117,"column":0},"end":{"line":117,"column":10}},"117":{"start":{"line":118,"column":0},"end":{"line":118,"column":5}},"118":{"start":{"line":119,"column":0},"end":{"line":119,"column":1}},"120":{"start":{"line":121,"column":0},"end":{"line":121,"column":41}},"121":{"start":{"line":122,"column":0},"end":{"line":122,"column":39}},"122":{"start":{"line":123,"column":0},"end":{"line":123,"column":53}},"123":{"start":{"line":124,"column":0},"end":{"line":124,"column":15}},"124":{"start":{"line":125,"column":0},"end":{"line":125,"column":5}},"125":{"start":{"line":126,"column":0},"end":{"line":126,"column":80}},"126":{"start":{"line":127,"column":0},"end":{"line":127,"column":1}},"128":{"start":{"line":129,"column":0},"end":{"line":129,"column":41}},"129":{"start":{"line":130,"column":0},"end":{"line":130,"column":54}},"131":{"start":{"line":132,"column":0},"end":{"line":132,"column":57}},"133":{"start":{"line":134,"column":0},"end":{"line":134,"column":55}},"134":{"start":{"line":135,"column":0},"end":{"line":135,"column":1}},"136":{"start":{"line":137,"column":0},"end":{"line":137,"column":48}},"137":{"start":{"line":138,"column":0},"end":{"line":138,"column":48}},"138":{"start":{"line":139,"column":0},"end":{"line":139,"column":49}},"140":{"start":{"line":141,"column":0},"end":{"line":141,"column":57}},"142":{"start":{"line":143,"column":0},"end":{"line":143,"column":33}},"143":{"start":{"line":144,"column":0},"end":{"line":144,"column":1}},"145":{"start":{"line":146,"column":0},"end":{"line":146,"column":51}},"146":{"start":{"line":147,"column":0},"end":{"line":147,"column":64}},"147":{"start":{"line":148,"column":0},"end":{"line":148,"column":55}},"149":{"start":{"line":150,"column":0},"end":{"line":150,"column":18}},"150":{"start":{"line":151,"column":0},"end":{"line":151,"column":31}},"151":{"start":{"line":152,"column":0},"end":{"line":152,"column":47}},"152":{"start":{"line":153,"column":0},"end":{"line":153,"column":5}},"154":{"start":{"line":155,"column":0},"end":{"line":155,"column":16}},"155":{"start":{"line":156,"column":0},"end":{"line":156,"column":1}},"157":{"start":{"line":158,"column":0},"end":{"line":158,"column":44}},"158":{"start":{"line":159,"column":0},"end":{"line":159,"column":69}},"159":{"start":{"line":160,"column":0},"end":{"line":160,"column":54}},"161":{"start":{"line":162,"column":0},"end":{"line":162,"column":18}},"162":{"start":{"line":163,"column":0},"end":{"line":163,"column":31}},"163":{"start":{"line":164,"column":0},"end":{"line":164,"column":47}},"164":{"start":{"line":165,"column":0},"end":{"line":165,"column":6}},"166":{"start":{"line":167,"column":0},"end":{"line":167,"column":16}},"167":{"start":{"line":168,"column":0},"end":{"line":168,"column":1}},"169":{"start":{"line":170,"column":0},"end":{"line":170,"column":42}},"170":{"start":{"line":171,"column":0},"end":{"line":171,"column":60}},"172":{"start":{"line":173,"column":0},"end":{"line":173,"column":15}},"173":{"start":{"line":174,"column":0},"end":{"line":174,"column":1}},"175":{"start":{"line":176,"column":0},"end":{"line":176,"column":49}},"176":{"start":{"line":177,"column":0},"end":{"line":177,"column":68}},"178":{"start":{"line":179,"column":0},"end":{"line":179,"column":15}},"179":{"start":{"line":180,"column":0},"end":{"line":180,"column":1}},"181":{"start":{"line":182,"column":0},"end":{"line":182,"column":49}},"182":{"start":{"line":183,"column":0},"end":{"line":183,"column":65}},"184":{"start":{"line":185,"column":0},"end":{"line":185,"column":36}},"185":{"start":{"line":186,"column":0},"end":{"line":186,"column":1}},"187":{"start":{"line":188,"column":0},"end":{"line":188,"column":40}},"188":{"start":{"line":189,"column":0},"end":{"line":189,"column":63}},"190":{"start":{"line":191,"column":0},"end":{"line":191,"column":27}},"191":{"start":{"line":192,"column":0},"end":{"line":192,"column":39}},"192":{"start":{"line":193,"column":0},"end":{"line":193,"column":25}},"193":{"start":{"line":194,"column":0},"end":{"line":194,"column":68}},"194":{"start":{"line":195,"column":0},"end":{"line":195,"column":25}},"195":{"start":{"line":196,"column":0},"end":{"line":196,"column":70}},"196":{"start":{"line":197,"column":0},"end":{"line":197,"column":36}},"197":{"start":{"line":198,"column":0},"end":{"line":198,"column":7}},"198":{"start":{"line":199,"column":0},"end":{"line":199,"column":52}},"200":{"start":{"line":201,"column":0},"end":{"line":201,"column":73}},"202":{"start":{"line":203,"column":0},"end":{"line":203,"column":22}},"203":{"start":{"line":204,"column":0},"end":{"line":204,"column":1}},"205":{"start":{"line":206,"column":0},"end":{"line":206,"column":52}},"206":{"start":{"line":207,"column":0},"end":{"line":207,"column":61}},"207":{"start":{"line":208,"column":0},"end":{"line":208,"column":61}},"209":{"start":{"line":210,"column":0},"end":{"line":210,"column":44}},"210":{"start":{"line":211,"column":0},"end":{"line":211,"column":40}},"211":{"start":{"line":212,"column":0},"end":{"line":212,"column":25}},"212":{"start":{"line":213,"column":0},"end":{"line":213,"column":25}},"213":{"start":{"line":214,"column":0},"end":{"line":214,"column":73}},"214":{"start":{"line":215,"column":0},"end":{"line":215,"column":35}},"215":{"start":{"line":216,"column":0},"end":{"line":216,"column":73}},"216":{"start":{"line":217,"column":0},"end":{"line":217,"column":34}},"217":{"start":{"line":218,"column":0},"end":{"line":218,"column":7}},"218":{"start":{"line":219,"column":0},"end":{"line":219,"column":31}},"220":{"start":{"line":221,"column":0},"end":{"line":221,"column":20}},"221":{"start":{"line":222,"column":0},"end":{"line":222,"column":1}},"223":{"start":{"line":224,"column":0},"end":{"line":224,"column":42}},"224":{"start":{"line":225,"column":0},"end":{"line":225,"column":43}},"226":{"start":{"line":227,"column":0},"end":{"line":227,"column":40}},"227":{"start":{"line":228,"column":0},"end":{"line":228,"column":82}},"228":{"start":{"line":229,"column":0},"end":{"line":229,"column":18}},"229":{"start":{"line":230,"column":0},"end":{"line":230,"column":75}},"230":{"start":{"line":231,"column":0},"end":{"line":231,"column":63}},"231":{"start":{"line":232,"column":0},"end":{"line":232,"column":56}},"232":{"start":{"line":233,"column":0},"end":{"line":233,"column":7}},"233":{"start":{"line":234,"column":0},"end":{"line":234,"column":58}},"234":{"start":{"line":235,"column":0},"end":{"line":235,"column":20}},"236":{"start":{"line":237,"column":0},"end":{"line":237,"column":45}},"237":{"start":{"line":238,"column":0},"end":{"line":238,"column":41}},"239":{"start":{"line":240,"column":0},"end":{"line":240,"column":114}},"241":{"start":{"line":242,"column":0},"end":{"line":242,"column":16}},"242":{"start":{"line":243,"column":0},"end":{"line":243,"column":1}},"244":{"start":{"line":245,"column":0},"end":{"line":245,"column":36}},"245":{"start":{"line":246,"column":0},"end":{"line":246,"column":36}},"247":{"start":{"line":248,"column":0},"end":{"line":248,"column":46}},"248":{"start":{"line":249,"column":0},"end":{"line":249,"column":47}},"249":{"start":{"line":250,"column":0},"end":{"line":250,"column":53}},"251":{"start":{"line":252,"column":0},"end":{"line":252,"column":40}},"252":{"start":{"line":253,"column":0},"end":{"line":253,"column":86}},"253":{"start":{"line":254,"column":0},"end":{"line":254,"column":20}},"254":{"start":{"line":255,"column":0},"end":{"line":255,"column":15}},"255":{"start":{"line":256,"column":0},"end":{"line":256,"column":63}},"256":{"start":{"line":257,"column":0},"end":{"line":257,"column":57}},"257":{"start":{"line":258,"column":0},"end":{"line":258,"column":54}},"258":{"start":{"line":259,"column":0},"end":{"line":259,"column":7}},"259":{"start":{"line":260,"column":0},"end":{"line":260,"column":56}},"260":{"start":{"line":261,"column":0},"end":{"line":261,"column":33}},"262":{"start":{"line":263,"column":0},"end":{"line":263,"column":81}},"263":{"start":{"line":264,"column":0},"end":{"line":264,"column":15}},"264":{"start":{"line":265,"column":0},"end":{"line":265,"column":82}},"265":{"start":{"line":266,"column":0},"end":{"line":266,"column":88}},"266":{"start":{"line":267,"column":0},"end":{"line":267,"column":98}},"268":{"start":{"line":269,"column":0},"end":{"line":269,"column":52}},"269":{"start":{"line":270,"column":0},"end":{"line":270,"column":43}},"270":{"start":{"line":271,"column":0},"end":{"line":271,"column":40}},"272":{"start":{"line":273,"column":0},"end":{"line":273,"column":22}},"273":{"start":{"line":274,"column":0},"end":{"line":274,"column":33}},"274":{"start":{"line":275,"column":0},"end":{"line":275,"column":29}},"275":{"start":{"line":276,"column":0},"end":{"line":276,"column":9}},"277":{"start":{"line":278,"column":0},"end":{"line":278,"column":20}},"278":{"start":{"line":279,"column":0},"end":{"line":279,"column":12}},"279":{"start":{"line":280,"column":0},"end":{"line":280,"column":48}},"280":{"start":{"line":281,"column":0},"end":{"line":281,"column":5}},"281":{"start":{"line":282,"column":0},"end":{"line":282,"column":1}},"283":{"start":{"line":284,"column":0},"end":{"line":284,"column":32}},"284":{"start":{"line":285,"column":0},"end":{"line":285,"column":112}},"286":{"start":{"line":287,"column":0},"end":{"line":287,"column":40}},"287":{"start":{"line":288,"column":0},"end":{"line":288,"column":1}}},"s":{"0":1,"1":1,"2":1,"3":1,"4":1,"5":1,"6":1,"7":1,"8":1,"10":1,"12":1,"13":1,"15":1,"16":1,"17":1,"18":1,"19":1,"20":1,"21":1,"22":1,"23":0,"24":0,"26":1,"27":1,"28":1,"30":1,"31":1,"32":1,"34":1,"35":1,"37":1,"38":1,"39":1,"40":1,"42":1,"43":1,"44":1,"45":1,"46":1,"47":1,"48":1,"49":1,"50":1,"51":1,"52":1,"53":1,"54":1,"56":1,"57":1,"58":1,"59":1,"60":1,"61":1,"63":1,"64":1,"66":1,"67":1,"69":1,"70":1,"71":1,"72":1,"73":1,"74":1,"75":1,"76":1,"78":1,"79":1,"80":1,"81":1,"82":1,"83":1,"85":1,"86":1,"88":1,"89":1,"90":1,"91":1,"92":1,"94":1,"95":1,"96":1,"97":1,"98":1,"99":1,"100":1,"101":1,"102":1,"104":1,"105":1,"107":1,"109":1,"111":1,"112":1,"113":1,"114":1,"115":1,"116":1,"117":1,"118":1,"120":6,"121":6,"122":0,"123":0,"124":0,"125":6,"126":6,"128":1,"129":1,"131":1,"133":1,"134":1,"136":6,"137":6,"138":6,"140":6,"142":6,"143":6,"145":1,"146":1,"147":1,"149":1,"150":1,"151":1,"152":1,"154":1,"155":1,"157":1,"158":1,"159":1,"161":1,"162":1,"163":1,"164":1,"166":1,"167":1,"169":3,"170":3,"172":3,"173":3,"175":1,"176":1,"178":1,"179":1,"181":4,"182":4,"184":4,"185":4,"187":2,"188":2,"190":2,"191":2,"192":2,"193":2,"194":2,"195":2,"196":2,"197":2,"198":2,"200":2,"202":2,"203":2,"205":1,"206":1,"207":1,"209":1,"210":1,"211":1,"212":1,"213":1,"214":1,"215":1,"216":1,"217":1,"218":1,"220":1,"221":1,"223":2,"224":2,"226":2,"227":2,"228":2,"229":2,"230":2,"231":2,"232":2,"233":2,"234":2,"236":2,"237":2,"239":2,"241":2,"242":2,"244":1,"245":1,"247":1,"248":1,"249":1,"251":1,"252":1,"253":1,"254":1,"255":1,"256":1,"257":1,"258":1,"259":1,"260":1,"262":1,"263":1,"264":1,"265":1,"266":1,"268":1,"269":1,"270":1,"272":1,"273":1,"274":1,"275":1,"277":1,"278":1,"279":0,"280":0,"281":1,"283":1,"284":3,"286":3,"287":3},"branchMap":{"0":{"type":"branch","line":13,"loc":{"start":{"line":13,"column":7},"end":{"line":55,"column":1}},"locations":[{"start":{"line":13,"column":7},"end":{"line":55,"column":1}}]},"1":{"type":"branch","line":23,"loc":{"start":{"line":23,"column":5},"end":{"line":25,"column":5}},"locations":[{"start":{"line":23,"column":5},"end":{"line":25,"column":5}}]},"2":{"type":"branch","line":57,"loc":{"start":{"line":57,"column":7},"end":{"line":77,"column":1}},"locations":[{"start":{"line":57,"column":7},"end":{"line":77,"column":1}}]},"3":{"type":"branch","line":79,"loc":{"start":{"line":79,"column":7},"end":{"line":103,"column":1}},"locations":[{"start":{"line":79,"column":7},"end":{"line":103,"column":1}}]},"4":{"type":"branch","line":105,"loc":{"start":{"line":105,"column":7},"end":{"line":119,"column":1}},"locations":[{"start":{"line":105,"column":7},"end":{"line":119,"column":1}}]},"5":{"type":"branch","line":121,"loc":{"start":{"line":121,"column":0},"end":{"line":127,"column":1}},"locations":[{"start":{"line":121,"column":0},"end":{"line":127,"column":1}}]},"6":{"type":"branch","line":122,"loc":{"start":{"line":122,"column":38},"end":{"line":125,"column":5}},"locations":[{"start":{"line":122,"column":38},"end":{"line":125,"column":5}}]},"7":{"type":"branch","line":129,"loc":{"start":{"line":129,"column":0},"end":{"line":135,"column":1}},"locations":[{"start":{"line":129,"column":0},"end":{"line":135,"column":1}}]},"8":{"type":"branch","line":137,"loc":{"start":{"line":137,"column":0},"end":{"line":144,"column":1}},"locations":[{"start":{"line":137,"column":0},"end":{"line":144,"column":1}}]},"9":{"type":"branch","line":146,"loc":{"start":{"line":146,"column":0},"end":{"line":156,"column":1}},"locations":[{"start":{"line":146,"column":0},"end":{"line":156,"column":1}}]},"10":{"type":"branch","line":158,"loc":{"start":{"line":158,"column":0},"end":{"line":168,"column":1}},"locations":[{"start":{"line":158,"column":0},"end":{"line":168,"column":1}}]},"11":{"type":"branch","line":170,"loc":{"start":{"line":170,"column":0},"end":{"line":174,"column":1}},"locations":[{"start":{"line":170,"column":0},"end":{"line":174,"column":1}}]},"12":{"type":"branch","line":176,"loc":{"start":{"line":176,"column":0},"end":{"line":180,"column":1}},"locations":[{"start":{"line":176,"column":0},"end":{"line":180,"column":1}}]},"13":{"type":"branch","line":182,"loc":{"start":{"line":182,"column":0},"end":{"line":186,"column":1}},"locations":[{"start":{"line":182,"column":0},"end":{"line":186,"column":1}}]},"14":{"type":"branch","line":188,"loc":{"start":{"line":188,"column":0},"end":{"line":204,"column":1}},"locations":[{"start":{"line":188,"column":0},"end":{"line":204,"column":1}}]},"15":{"type":"branch","line":206,"loc":{"start":{"line":206,"column":0},"end":{"line":222,"column":1}},"locations":[{"start":{"line":206,"column":0},"end":{"line":222,"column":1}}]},"16":{"type":"branch","line":224,"loc":{"start":{"line":224,"column":0},"end":{"line":243,"column":1}},"locations":[{"start":{"line":224,"column":0},"end":{"line":243,"column":1}}]},"17":{"type":"branch","line":245,"loc":{"start":{"line":245,"column":0},"end":{"line":282,"column":1}},"locations":[{"start":{"line":245,"column":0},"end":{"line":282,"column":1}}]},"18":{"type":"branch","line":279,"loc":{"start":{"line":279,"column":5},"end":{"line":281,"column":5}},"locations":[{"start":{"line":279,"column":5},"end":{"line":281,"column":5}}]},"19":{"type":"branch","line":266,"loc":{"start":{"line":266,"column":64},"end":{"line":266,"column":86}},"locations":[{"start":{"line":266,"column":64},"end":{"line":266,"column":86}}]},"20":{"type":"branch","line":284,"loc":{"start":{"line":284,"column":7},"end":{"line":288,"column":1}},"locations":[{"start":{"line":284,"column":7},"end":{"line":288,"column":1}}]}},"b":{"0":[1],"1":[0],"2":[1],"3":[1],"4":[1],"5":[6],"6":[0],"7":[1],"8":[6],"9":[1],"10":[1],"11":[3],"12":[1],"13":[4],"14":[2],"15":[1],"16":[2],"17":[1],"18":[0],"19":[136],"20":[3]},"fnMap":{"0":{"name":"generateData","decl":{"start":{"line":13,"column":7},"end":{"line":55,"column":1}},"loc":{"start":{"line":13,"column":7},"end":{"line":55,"column":1}},"line":13},"1":{"name":"encrypt","decl":{"start":{"line":57,"column":7},"end":{"line":77,"column":1}},"loc":{"start":{"line":57,"column":7},"end":{"line":77,"column":1}},"line":57},"2":{"name":"decrypt","decl":{"start":{"line":79,"column":7},"end":{"line":103,"column":1}},"loc":{"start":{"line":79,"column":7},"end":{"line":103,"column":1}},"line":79},"3":{"name":"generateSharedKey","decl":{"start":{"line":105,"column":7},"end":{"line":119,"column":1}},"loc":{"start":{"line":105,"column":7},"end":{"line":119,"column":1}},"line":105},"4":{"name":"deriveSaltFromUserId","decl":{"start":{"line":121,"column":0},"end":{"line":127,"column":1}},"loc":{"start":{"line":121,"column":0},"end":{"line":127,"column":1}},"line":121},"5":{"name":"generateMnemonicData","decl":{"start":{"line":129,"column":0},"end":{"line":135,"column":1}},"loc":{"start":{"line":129,"column":0},"end":{"line":135,"column":1}},"line":129},"6":{"name":"generatePRNG","decl":{"start":{"line":137,"column":0},"end":{"line":144,"column":1}},"loc":{"start":{"line":137,"column":0},"end":{"line":144,"column":1}},"line":137},"7":{"name":"generateEdKeyPair","decl":{"start":{"line":146,"column":0},"end":{"line":156,"column":1}},"loc":{"start":{"line":146,"column":0},"end":{"line":156,"column":1}},"line":146},"8":{"name":"generateXKeyPair","decl":{"start":{"line":158,"column":0},"end":{"line":168,"column":1}},"loc":{"start":{"line":158,"column":0},"end":{"line":168,"column":1}},"line":158},"9":{"name":"generateAesKey","decl":{"start":{"line":170,"column":0},"end":{"line":174,"column":1}},"loc":{"start":{"line":170,"column":0},"end":{"line":174,"column":1}},"line":170},"10":{"name":"generateSharedAesKey","decl":{"start":{"line":176,"column":0},"end":{"line":180,"column":1}},"loc":{"start":{"line":176,"column":0},"end":{"line":180,"column":1}},"line":176},"11":{"name":"getSharedSecret","decl":{"start":{"line":182,"column":0},"end":{"line":186,"column":1}},"loc":{"start":{"line":182,"column":0},"end":{"line":186,"column":1}},"line":182},"12":{"name":"signData","decl":{"start":{"line":188,"column":0},"end":{"line":204,"column":1}},"loc":{"start":{"line":188,"column":0},"end":{"line":204,"column":1}},"line":188},"13":{"name":"verifyData","decl":{"start":{"line":206,"column":0},"end":{"line":222,"column":1}},"loc":{"start":{"line":206,"column":0},"end":{"line":222,"column":1}},"line":206},"14":{"name":"encryptData","decl":{"start":{"line":224,"column":0},"end":{"line":243,"column":1}},"loc":{"start":{"line":224,"column":0},"end":{"line":243,"column":1}},"line":224},"15":{"name":"decryptData","decl":{"start":{"line":245,"column":0},"end":{"line":282,"column":1}},"loc":{"start":{"line":245,"column":0},"end":{"line":282,"column":1}},"line":245},"16":{"name":"hashData","decl":{"start":{"line":284,"column":7},"end":{"line":288,"column":1}},"loc":{"start":{"line":284,"column":7},"end":{"line":288,"column":1}},"line":284}},"f":{"0":1,"1":1,"2":1,"3":1,"4":6,"5":1,"6":6,"7":1,"8":1,"9":3,"10":1,"11":4,"12":2,"13":1,"14":2,"15":1,"16":3}}
}
